# JRE version: Java(TM) SE Runtime Environment (8.0_51-b16) (build 1.8.0_51-b16)
# Java VM: Java HotSpot(TM) 64-Bit Server VM (25.51-b03 mixed mode bsd-amd64 compressed oops)
Heap:
 PSYoungGen      total 583680K, used 143351K [0x0000000795580000, 0x00000007c0000000, 0x00000007c0000000)
  eden space 514560K, 17% used [0x0000000795580000,0x000000079adb1b18,0x00000007b4c00000)
  from space 69120K, 76% used [0x00000007b4c00000,0x00000007b7fcc428,0x00000007b8f80000)
  to   space 74752K, 0% used [0x00000007bb700000,0x00000007bb700000,0x00000007c0000000)
 ParOldGen       total 300544K, used 191902K [0x0000000740000000, 0x0000000752580000, 0x0000000795580000)
  object space 300544K, 63% used [0x0000000740000000,0x000000074bb67bd8,0x0000000752580000)
 Metaspace       used 4623K, capacity 4902K, committed 4992K, reserved 1056768K
  class space    used 513K, capacity 571K, committed 640K, reserved 1048576K
GC Heap History (10 events):
Event: 79.181 GC heap before
{Heap before GC invocations=7 (full 0):
 PSYoungGen      total 290304K, used 286864K [0x0000000795580000, 0x00000007a9880000, 0x00000007c0000000)
  eden space 262144K, 100% used [0x0000000795580000,0x00000007a5580000,0x00000007a5580000)
  from space 28160K, 87% used [0x00000007a7500000,0x00000007a8d24040,0x00000007a9080000)
  to   space 32256K, 0% used [0x00000007a5580000,0x00000007a5580000,0x00000007a7500000)
 ParOldGen       total 87552K, used 46040K [0x0000000740000000, 0x0000000745580000, 0x0000000795580000)
  object space 87552K, 52% used [0x0000000740000000,0x0000000742cf60b0,0x0000000745580000)
 Metaspace       used 4573K, capacity 4838K, committed 4992K, reserved 1056768K
  class space    used 512K, capacity 571K, committed 640K, reserved 1048576K
Event: 79.329 GC heap after
Heap after GC invocations=7 (full 0):
 PSYoungGen      total 294400K, used 32224K [0x0000000795580000, 0x00000007bc980000, 0x00000007c0000000)
  eden space 262144K, 0% used [0x0000000795580000,0x0000000795580000,0x00000007a5580000)
  from space 32256K, 99% used [0x00000007a5580000,0x00000007a74f8010,0x00000007a7500000)
  to   space 59392K, 0% used [0x00000007b8f80000,0x00000007b8f80000,0x00000007bc980000)
 ParOldGen       total 90112K, used 89128K [0x0000000740000000, 0x0000000745800000, 0x0000000795580000)
  object space 90112K, 98% used [0x0000000740000000,0x000000074570a100,0x0000000745800000)
 Metaspace       used 4573K, capacity 4838K, committed 4992K, reserved 1056768K
  class space    used 512K, capacity 571K, committed 640K, reserved 1048576K
}
Event: 79.330 GC heap before
{Heap before GC invocations=8 (full 1):
 PSYoungGen      total 294400K, used 32224K [0x0000000795580000, 0x00000007bc980000, 0x00000007c0000000)
  eden space 262144K, 0% used [0x0000000795580000,0x0000000795580000,0x00000007a5580000)
  from space 32256K, 99% used [0x00000007a5580000,0x00000007a74f8010,0x00000007a7500000)
  to   space 59392K, 0% used [0x00000007b8f80000,0x00000007b8f80000,0x00000007bc980000)
 ParOldGen       total 90112K, used 89128K [0x0000000740000000, 0x0000000745800000, 0x0000000795580000)
  object space 90112K, 98% used [0x0000000740000000,0x000000074570a100,0x0000000745800000)
 Metaspace       used 4573K, capacity 4838K, committed 4992K, reserved 1056768K
  class space    used 512K, capacity 571K, committed 640K, reserved 1048576K
Event: 79.685 GC heap after
Heap after GC invocations=8 (full 1):
 PSYoungGen      total 294400K, used 29644K [0x0000000795580000, 0x00000007bc980000, 0x00000007c0000000)
  eden space 262144K, 0% used [0x0000000795580000,0x0000000795580000,0x00000007a5580000)
  from space 32256K, 91% used [0x00000007a5580000,0x00000007a72732e0,0x00000007a7500000)
  to   space 59392K, 0% used [0x00000007b8f80000,0x00000007b8f80000,0x00000007bc980000)
 ParOldGen       total 163840K, used 89940K [0x0000000740000000, 0x000000074a000000, 0x0000000795580000)
  object space 163840K, 54% used [0x0000000740000000,0x00000007457d5368,0x000000074a000000)
 Metaspace       used 4573K, capacity 4838K, committed 4992K, reserved 1056768K
  class space    used 512K, capacity 571K, committed 640K, reserved 1048576K
}
Event: 80.977 GC heap before
{Heap before GC invocations=9 (full 1):
 PSYoungGen      total 294400K, used 289795K [0x0000000795580000, 0x00000007bc980000, 0x00000007c0000000)
  eden space 262144K, 99% used [0x0000000795580000,0x00000007a538dcb0,0x00000007a5580000)
  from space 32256K, 91% used [0x00000007a5580000,0x00000007a72732e0,0x00000007a7500000)
  to   space 59392K, 0% used [0x00000007b8f80000,0x00000007b8f80000,0x00000007bc980000)
 ParOldGen       total 163840K, used 89940K [0x0000000740000000, 0x000000074a000000, 0x0000000795580000)
  object space 163840K, 54% used [0x0000000740000000,0x00000007457d5368,0x000000074a000000)
 Metaspace       used 4573K, capacity 4838K, committed 4992K, reserved 1056768K
  class space    used 512K, capacity 571K, committed 640K, reserved 1048576K
Event: 81.046 GC heap after
Heap after GC invocations=9 (full 1):
 PSYoungGen      total 573952K, used 55312K [0x0000000795580000, 0x00000007bd300000, 0x00000007c0000000)
  eden space 514560K, 0% used [0x0000000795580000,0x0000000795580000,0x00000007b4c00000)
  from space 59392K, 93% used [0x00000007b8f80000,0x00000007bc5842a0,0x00000007bc980000)
  to   space 69120K, 0% used [0x00000007b4c00000,0x00000007b4c00000,0x00000007b8f80000)
 ParOldGen       total 163840K, used 90900K [0x0000000740000000, 0x000000074a000000, 0x0000000795580000)
  object space 163840K, 55% used [0x0000000740000000,0x00000007458c5368,0x000000074a000000)
 Metaspace       used 4573K, capacity 4838K, committed 4992K, reserved 1056768K
  class space    used 512K, capacity 571K, committed 640K, reserved 1048576K
}
Event: 107.753 GC heap before
{Heap before GC invocations=10 (full 1):
 PSYoungGen      total 573952K, used 537183K [0x0000000795580000, 0x00000007bd300000, 0x00000007c0000000)
  eden space 514560K, 93% used [0x0000000795580000,0x00000007b2c13ac8,0x00000007b4c00000)
  from space 59392K, 93% used [0x00000007b8f80000,0x00000007bc5842a0,0x00000007bc980000)
  to   space 69120K, 0% used [0x00000007b4c00000,0x00000007b4c00000,0x00000007b8f80000)
 ParOldGen       total 163840K, used 90900K [0x0000000740000000, 0x000000074a000000, 0x0000000795580000)
  object space 163840K, 55% used [0x0000000740000000,0x00000007458c5368,0x000000074a000000)
 Metaspace       used 4574K, capacity 4838K, committed 4992K, reserved 1056768K
  class space    used 512K, capacity 571K, committed 640K, reserved 1048576K
Event: 108.008 GC heap after
Heap after GC invocations=10 (full 1):
 PSYoungGen      total 583680K, used 53101K [0x0000000795580000, 0x00000007c0000000, 0x00000007c0000000)
  eden space 514560K, 0% used [0x0000000795580000,0x0000000795580000,0x00000007b4c00000)
  from space 69120K, 76% used [0x00000007b4c00000,0x00000007b7fdb560,0x00000007b8f80000)
  to   space 74752K, 0% used [0x00000007bb700000,0x00000007bb700000,0x00000007c0000000)
 ParOldGen       total 211456K, used 191982K [0x0000000740000000, 0x000000074ce80000, 0x0000000795580000)
  object space 211456K, 90% used [0x0000000740000000,0x000000074bb7b888,0x000000074ce80000)
 Metaspace       used 4574K, capacity 4838K, committed 4992K, reserved 1056768K
  class space    used 512K, capacity 571K, committed 640K, reserved 1048576K
}
Event: 108.008 GC heap before
{Heap before GC invocations=11 (full 2):
 PSYoungGen      total 583680K, used 53101K [0x0000000795580000, 0x00000007c0000000, 0x00000007c0000000)
  eden space 514560K, 0% used [0x0000000795580000,0x0000000795580000,0x00000007b4c00000)
  from space 69120K, 76% used [0x00000007b4c00000,0x00000007b7fdb560,0x00000007b8f80000)
  to   space 74752K, 0% used [0x00000007bb700000,0x00000007bb700000,0x00000007c0000000)
 ParOldGen       total 211456K, used 191982K [0x0000000740000000, 0x000000074ce80000, 0x0000000795580000)
  object space 211456K, 90% used [0x0000000740000000,0x000000074bb7b888,0x000000074ce80000)
 Metaspace       used 4574K, capacity 4838K, committed 4992K, reserved 1056768K
  class space    used 512K, capacity 571K, committed 640K, reserved 1048576K
Event: 108.255 GC heap after
Heap after GC invocations=11 (full 2):
 PSYoungGen      total 583680K, used 53041K [0x0000000795580000, 0x00000007c0000000, 0x00000007c0000000)
  eden space 514560K, 0% used [0x0000000795580000,0x0000000795580000,0x00000007b4c00000)
  from space 69120K, 76% used [0x00000007b4c00000,0x00000007b7fcc428,0x00000007b8f80000)
  to   space 74752K, 0% used [0x00000007bb700000,0x00000007bb700000,0x00000007c0000000)
 ParOldGen       total 300544K, used 191902K [0x0000000740000000, 0x0000000752580000, 0x0000000795580000)
  object space 300544K, 63% used [0x0000000740000000,0x000000074bb67bd8,0x0000000752580000)
 Metaspace       used 4574K, capacity 4838K, committed 4992K, reserved 1056768K
  class space    used 512K, capacity 571K, committed 640K, reserved 1048576K
}

